Using pre-set license
Built from '2020.3/staging' branch; Version is '2020.3.18f1 (a7d1c678663c) revision 10998214'; Using compiler version '192528614'; Build Type 'Release'
OS: 'Windows 10 Home Single Language; OS build 19042.1237; Version 2009; 64bit' Language: 'en' Physical Memory: 12197 MB
BatchMode: 1, IsHumanControllingUs: 0, StartBugReporterOnCrash: 0, Is64bit: 1, IsPro: 0

COMMAND LINE ARGUMENTS:
D:\Program Files\UnityHub\2020.3.18f1\Editor\Unity.exe
-adb2
-batchMode
-noUpm
-name
AssetImportWorker2
-projectPath
D:/ASLAB/FA/TPA/FA-TPA Game/FA-TPA Game
-logFile
Logs/AssetImportWorker2.log
-srvPort
63670
Successfully changed project path to: D:/ASLAB/FA/TPA/FA-TPA Game/FA-TPA Game
D:/ASLAB/FA/TPA/FA-TPA Game/FA-TPA Game
Using Asset Import Pipeline V2.
Refreshing native plugins compatible for Editor in 47.80 ms, found 2 plugins.
Preloading 0 native plugins for Editor in 0.00 ms.
Initialize engine version: 2020.3.18f1 (a7d1c678663c)
[Subsystems] Discovering subsystems at path D:/Program Files/UnityHub/2020.3.18f1/Editor/Data/Resources/UnitySubsystems
[Subsystems] Discovering subsystems at path D:/ASLAB/FA/TPA/FA-TPA Game/FA-TPA Game/Assets
GfxDevice: creating device client; threaded=0
Direct3D:
    Version:  Direct3D 11.0 [level 11.1]
    Renderer: AMD Radeon(TM) 535 (ID=0x6900)
    Vendor:   
    VRAM:     2039 MB
    Driver:   25.20.14002.1
Initialize mono
Mono path[0] = 'D:/Program Files/UnityHub/2020.3.18f1/Editor/Data/Managed'
Mono path[1] = 'D:/Program Files/UnityHub/2020.3.18f1/Editor/Data/MonoBleedingEdge/lib/mono/unityjit'
Mono config path = 'D:/Program Files/UnityHub/2020.3.18f1/Editor/Data/MonoBleedingEdge/etc'
Using monoOptions --debugger-agent=transport=dt_socket,embedding=1,server=y,suspend=n,address=127.0.0.1:56472
Begin MonoManager ReloadAssembly
Registering precompiled unity dll's ...
Register platform support module: D:/Program Files/UnityHub/2020.3.18f1/Editor/Data/PlaybackEngines/WindowsStandaloneSupport/UnityEditor.WindowsStandalone.Extensions.dll
Registered in 0.011447 seconds.
Native extension for WindowsStandalone target not found
Refreshing native plugins compatible for Editor in 105.87 ms, found 2 plugins.
Preloading 0 native plugins for Editor in 0.00 ms.
Mono: successfully reloaded assembly
- Completed reload, in  3.485 seconds
Domain Reload Profiling:
	ReloadAssembly (3486ms)
		BeginReloadAssembly (91ms)
			ExecutionOrderSort (0ms)
			DisableScriptedObjects (0ms)
			BackupInstance (0ms)
			ReleaseScriptingObjects (0ms)
			CreateAndSetChildDomain (1ms)
		EndReloadAssembly (1790ms)
			LoadAssemblies (87ms)
			RebuildTransferFunctionScriptingTraits (0ms)
			SetupTypeCache (420ms)
			ReleaseScriptCaches (0ms)
			RebuildScriptCaches (115ms)
			SetupLoadedEditorAssemblies (522ms)
				LogAssemblyErrors (0ms)
				InitializePlatformSupportModulesInManaged (11ms)
				SetLoadedEditorAssemblies (0ms)
				RefreshPlugins (106ms)
				BeforeProcessingInitializeOnLoad (42ms)
				ProcessInitializeOnLoadAttributes (247ms)
				ProcessInitializeOnLoadMethodAttributes (114ms)
				AfterProcessingInitializeOnLoad (0ms)
				EditorAssembliesLoaded (0ms)
			ExecutionOrderSort2 (0ms)
			AwakeInstancesAfterBackupRestoration (0ms)
Platform modules already initialized, skipping
Registering precompiled user dll's ...
Registered in 0.014346 seconds.
Begin MonoManager ReloadAssembly
Native extension for WindowsStandalone target not found
Refreshing native plugins compatible for Editor in 0.81 ms, found 2 plugins.
Preloading 0 native plugins for Editor in 0.00 ms.
Mono: successfully reloaded assembly
- Completed reload, in  3.188 seconds
Domain Reload Profiling:
	ReloadAssembly (3191ms)
		BeginReloadAssembly (504ms)
			ExecutionOrderSort (0ms)
			DisableScriptedObjects (11ms)
			BackupInstance (0ms)
			ReleaseScriptingObjects (0ms)
			CreateAndSetChildDomain (40ms)
		EndReloadAssembly (2480ms)
			LoadAssemblies (300ms)
			RebuildTransferFunctionScriptingTraits (0ms)
			SetupTypeCache (843ms)
			ReleaseScriptCaches (1ms)
			RebuildScriptCaches (124ms)
			SetupLoadedEditorAssemblies (966ms)
				LogAssemblyErrors (0ms)
				InitializePlatformSupportModulesInManaged (16ms)
				SetLoadedEditorAssemblies (1ms)
				RefreshPlugins (1ms)
				BeforeProcessingInitializeOnLoad (258ms)
				ProcessInitializeOnLoadAttributes (641ms)
				ProcessInitializeOnLoadMethodAttributes (11ms)
				AfterProcessingInitializeOnLoad (38ms)
				EditorAssembliesLoaded (1ms)
			ExecutionOrderSort2 (0ms)
			AwakeInstancesAfterBackupRestoration (17ms)
Platform modules already initialized, skipping
========================================================================
Worker process is ready to serve import requests
Launched and connected shader compiler UnityShaderCompiler.exe after 0.40 seconds
Refreshing native plugins compatible for Editor in 1.44 ms, found 2 plugins.
Preloading 0 native plugins for Editor in 0.00 ms.
Unloading 1598 Unused Serialized files (Serialized files now loaded: 0)
System memory in use before: 75.2 MB.
System memory in use after: 75.3 MB.

Unloading 17 unused Assets to reduce memory usage. Loaded Objects now: 2038.
Total: 5.102100 ms (FindLiveObjects: 0.190800 ms CreateObjectMapping: 0.065700 ms MarkObjects: 4.723100 ms  DeleteObjects: 0.121000 ms)

AssetImportParameters requested are different than current active one (requested -> active):
  custom:framework-win-MediaFoundation: 216162199b28c13a410421893ffa2e32 -> 
  custom:video-decoder-ogg-theora: a1e56fd34408186e4bbccfd4996cb3dc -> 
  custom:container-muxer-webm: aa71ff27fc2769a1b78a27578f13a17b -> 
  custom:container-demuxer-webm: 4f35f7cbe854078d1ac9338744f61a02 -> 
  custom:container-demuxer-ogg: 62fdf1f143b41e24485cea50d1cbac27 -> 
  custom:video-encoder-webm-vp8: eb34c28f22e8b96e1ab97ce403110664 -> 
  custom:video-codec-MediaFoundation-h265: 746d11721c4dcdbdad8f713fa42b33f4 -> 
  custom:video-decoder-webm-vp8: 9c59270c3fd7afecdb556c50c9e8de78 -> 
  custom:audio-decoder-ogg-vorbis: bf7c407c2cedff20999df2af8eb42d56 -> 
  custom:audio-encoder-webm-vorbis: bf7c407c2cedff20999df2af8eb42d56 -> 
========================================================================
Received Import Request.
  path: Assets/MobilityArts/SciFiHandGun/SciFiHandGun.fbm/HandGun_normals.png
  artifactKey: Guid(fdd707251d03c19439afd8957f835cf2) Importer(815301076,1909f56bfc062723c751e8b465ee728b)
Start importing Assets/MobilityArts/SciFiHandGun/SciFiHandGun.fbm/HandGun_normals.png using Guid(fdd707251d03c19439afd8957f835cf2) Importer(815301076,1909f56bfc062723c751e8b465ee728b)  -> (artifact id: '7657f1dc56bd78f5514d9ca2d9fe381a') in 0.415825 seconds 
  Import took 0.419081 seconds .

========================================================================
Received Import Request.
  Time since last request: 0.000250 seconds.
  path: Assets/MobilityArts/SciFiHandGun/SciFiHandGun
  artifactKey: Guid(352e39f4b9f5a974b8db320f8ed14c53) Importer(815301076,1909f56bfc062723c751e8b465ee728b)
Start importing Assets/MobilityArts/SciFiHandGun/SciFiHandGun using Guid(352e39f4b9f5a974b8db320f8ed14c53) Importer(815301076,1909f56bfc062723c751e8b465ee728b)  -> (artifact id: '117cc158facbeeadcb8bf47e17ed3424') in 0.008611 seconds 
  Import took 0.011608 seconds .

========================================================================
Received Import Request.
  Time since last request: 0.000220 seconds.
  path: Assets/MobilityArts/SciFiHandGun/Scripts
  artifactKey: Guid(838f17e2bb1a4974e8b7d0d838cf96f5) Importer(815301076,1909f56bfc062723c751e8b465ee728b)
Start importing Assets/MobilityArts/SciFiHandGun/Scripts using Guid(838f17e2bb1a4974e8b7d0d838cf96f5) Importer(815301076,1909f56bfc062723c751e8b465ee728b)  -> (artifact id: 'ae19c4c01477e29887d8d20c729aa850') in 0.004167 seconds 
  Import took 0.007244 seconds .

========================================================================
Received Import Request.
  Time since last request: 0.000260 seconds.
  path: Assets/MobilityArts/SciFiHandGun/SciFiHandGun/HandGun_emission.png
  artifactKey: Guid(cdc2eff529de5804497b77e67940d9b6) Importer(815301076,1909f56bfc062723c751e8b465ee728b)
Start importing Assets/MobilityArts/SciFiHandGun/SciFiHandGun/HandGun_emission.png using Guid(cdc2eff529de5804497b77e67940d9b6) Importer(815301076,1909f56bfc062723c751e8b465ee728b)  -> (artifact id: 'c1f3510d59e7eb24007e331ea1f325b7') in 0.028426 seconds 
  Import took 0.032341 seconds .

========================================================================
Received Import Request.
  Time since last request: 0.000309 seconds.
  path: Assets/MobilityArts/SciFiHandGun/SciFiHandGun.prefab
  artifactKey: Guid(392a05bd229c33043ae112a856120172) Importer(815301076,1909f56bfc062723c751e8b465ee728b)
Start importing Assets/MobilityArts/SciFiHandGun/SciFiHandGun.prefab using Guid(392a05bd229c33043ae112a856120172) Importer(815301076,1909f56bfc062723c751e8b465ee728b)  -> (artifact id: '3f66ff3908154c716c8717815b082d7d') in 0.608255 seconds 
  Import took 0.615226 seconds .

========================================================================
Received Import Request.
  Time since last request: 0.000337 seconds.
  path: Assets/MobilityArts/SciFiHandGun/SciFiHandGun/HandGun_occlusion.png
  artifactKey: Guid(c3e2cb16fb0e337429946d4981a74d21) Importer(815301076,1909f56bfc062723c751e8b465ee728b)
Start importing Assets/MobilityArts/SciFiHandGun/SciFiHandGun/HandGun_occlusion.png using Guid(c3e2cb16fb0e337429946d4981a74d21) Importer(815301076,1909f56bfc062723c751e8b465ee728b)  -> (artifact id: '7dcd2668d2cc12ae5ac53a452bfba6a5') in 0.021080 seconds 
  Import took 0.029856 seconds .

========================================================================
Received Import Request.
  Time since last request: 0.000310 seconds.
  path: Assets/MobilityArts/SciFiHandGun/SciFiHandGun.fbm/HandGun_occlusion.png
  artifactKey: Guid(a101c1d7a63be6a4695d2364c2584299) Importer(815301076,1909f56bfc062723c751e8b465ee728b)
Start importing Assets/MobilityArts/SciFiHandGun/SciFiHandGun.fbm/HandGun_occlusion.png using Guid(a101c1d7a63be6a4695d2364c2584299) Importer(815301076,1909f56bfc062723c751e8b465ee728b)  -> (artifact id: '056a30cd2030566b0a6396157ee68888') in 0.033378 seconds 
  Import took 0.046442 seconds .

========================================================================
Received Import Request.
  Time since last request: 0.000647 seconds.
  path: Assets/MobilityArts/SciFiHandGun/SciFiHandGun/HandGun_normals.png
  artifactKey: Guid(9baa7aad729addb488e5891613290f56) Importer(815301076,1909f56bfc062723c751e8b465ee728b)
Start importing Assets/MobilityArts/SciFiHandGun/SciFiHandGun/HandGun_normals.png using Guid(9baa7aad729addb488e5891613290f56) Importer(815301076,1909f56bfc062723c751e8b465ee728b)  -> (artifact id: '85dc9881ec3a5eee2906cdcc81c0e930') in 0.133132 seconds 
  Import took 0.151508 seconds .

========================================================================
Received Import Request.
  Time since last request: 0.000437 seconds.
  path: Assets/MobilityArts/SciFiHandGun/SciFiHandGun/HandGun_disfuse.png
  artifactKey: Guid(6ad5fa3e3fd8f8c409a90486d8a41e30) Importer(815301076,1909f56bfc062723c751e8b465ee728b)
Start importing Assets/MobilityArts/SciFiHandGun/SciFiHandGun/HandGun_disfuse.png using Guid(6ad5fa3e3fd8f8c409a90486d8a41e30) Importer(815301076,1909f56bfc062723c751e8b465ee728b)  -> (artifact id: 'f83847697a1d0516e6504bcff98689e7') in 0.016910 seconds 
  Import took 0.023621 seconds .

========================================================================
Received Import Request.
  Time since last request: 0.000344 seconds.
  path: Assets/MobilityArts/SciFiHandGun/SciFiHandGun.fbm
  artifactKey: Guid(fdd0ea2b0cecb10418d75e72c2b0d5bb) Importer(815301076,1909f56bfc062723c751e8b465ee728b)
Start importing Assets/MobilityArts/SciFiHandGun/SciFiHandGun.fbm using Guid(fdd0ea2b0cecb10418d75e72c2b0d5bb) Importer(815301076,1909f56bfc062723c751e8b465ee728b)  -> (artifact id: 'dfbca956b140af7666c5af75515ac9ee') in 0.006698 seconds 
  Import took 0.010391 seconds .

========================================================================
Received Import Request.
  Time since last request: 0.000304 seconds.
  path: Assets/MobilityArts/SciFiHandGun/Materials/SciFiHandGun.mat
  artifactKey: Guid(a82133cb4d1ad614ca6c4be61701649c) Importer(815301076,1909f56bfc062723c751e8b465ee728b)
Start importing Assets/MobilityArts/SciFiHandGun/Materials/SciFiHandGun.mat using Guid(a82133cb4d1ad614ca6c4be61701649c) Importer(815301076,1909f56bfc062723c751e8b465ee728b)  -> (artifact id: '58d982cecdfaeb9fc575c4969fd3f87a') in 0.390505 seconds 
  Import took 0.397735 seconds .

========================================================================
Received Import Request.
  Time since last request: 0.000248 seconds.
  path: Assets/113 2D Item Icon Pack/Sprite/LesserFragUnknown.png
  artifactKey: Guid(3ea38f987d5c149848ad4fe0d8fcb5fc) Importer(815301076,1909f56bfc062723c751e8b465ee728b)
Start importing Assets/113 2D Item Icon Pack/Sprite/LesserFragUnknown.png using Guid(3ea38f987d5c149848ad4fe0d8fcb5fc) Importer(815301076,1909f56bfc062723c751e8b465ee728b)  -> (artifact id: '97564c4a4e1b7eefc89a1595d81a2492') in 0.043534 seconds 
  Import took 0.048228 seconds .

========================================================================
Received Import Request.
  Time since last request: 0.000215 seconds.
  path: Assets/MobilityArts/SciFiHandGun/SciFiHandGun.fbx
  artifactKey: Guid(90c58c65f76dbe741b5dede2c0ac644d) Importer(815301076,1909f56bfc062723c751e8b465ee728b)
Start importing Assets/MobilityArts/SciFiHandGun/SciFiHandGun.fbx using Guid(90c58c65f76dbe741b5dede2c0ac644d) Importer(815301076,1909f56bfc062723c751e8b465ee728b)  -> (artifact id: '06702a182ff39bd7d0b4b2a7a2792514') in 0.374946 seconds 
  Import took 0.378225 seconds .

========================================================================
Received Import Request.
  Time since last request: 0.000283 seconds.
  path: Assets/MobilityArts/SciFiHandGun/SciFiHandGun.fbm/HandGun_disfuse.png
  artifactKey: Guid(2ebdfce4999203a45b940cca68516d3a) Importer(815301076,1909f56bfc062723c751e8b465ee728b)
Start importing Assets/MobilityArts/SciFiHandGun/SciFiHandGun.fbm/HandGun_disfuse.png using Guid(2ebdfce4999203a45b940cca68516d3a) Importer(815301076,1909f56bfc062723c751e8b465ee728b)  -> (artifact id: '846a07539a2b54e2e0fda88320c1971b') in 0.033609 seconds 
  Import took 0.037399 seconds .

========================================================================
Received Import Request.
  Time since last request: 0.000280 seconds.
  path: Assets/MobilityArts/SciFiHandGun/SciFiHandGun.fbm/HandGun_specular.png
  artifactKey: Guid(3d7f7f7fddfee7846995a84a3a29a5ff) Importer(815301076,1909f56bfc062723c751e8b465ee728b)
Start importing Assets/MobilityArts/SciFiHandGun/SciFiHandGun.fbm/HandGun_specular.png using Guid(3d7f7f7fddfee7846995a84a3a29a5ff) Importer(815301076,1909f56bfc062723c751e8b465ee728b)  -> (artifact id: 'c61a7f6b34a912131edcbf226c9d2081') in 0.041723 seconds 
  Import took 0.046013 seconds .

========================================================================
Received Import Request.
  Time since last request: 0.000327 seconds.
  path: Assets/MobilityArts/SciFiHandGun/SciFiHandGun/HandGun_specular.png
  artifactKey: Guid(e164a6acf35e33040a6f1e4f744fdf5a) Importer(815301076,1909f56bfc062723c751e8b465ee728b)
Start importing Assets/MobilityArts/SciFiHandGun/SciFiHandGun/HandGun_specular.png using Guid(e164a6acf35e33040a6f1e4f744fdf5a) Importer(815301076,1909f56bfc062723c751e8b465ee728b)  -> (artifact id: 'f500548bf74f1e0049fa65ff946ccf4a') in 0.032793 seconds 
  Import took 0.039005 seconds .

========================================================================
Received Import Request.
  Time since last request: 0.000295 seconds.
  path: Assets/MobilityArts/SciFiHandGun/Materials
  artifactKey: Guid(55cc063aa8802e04997d6261465d1e8f) Importer(815301076,1909f56bfc062723c751e8b465ee728b)
Start importing Assets/MobilityArts/SciFiHandGun/Materials using Guid(55cc063aa8802e04997d6261465d1e8f) Importer(815301076,1909f56bfc062723c751e8b465ee728b)  -> (artifact id: 'dbebede4a4d5582f706a27d9b109db7f') in 0.009222 seconds 
  Import took 0.019542 seconds .

