Using pre-set license
Built from '2020.3/staging' branch; Version is '2020.3.18f1 (a7d1c678663c) revision 10998214'; Using compiler version '192528614'; Build Type 'Release'
OS: 'Windows 10 Home Single Language; OS build 19042.1237; Version 2009; 64bit' Language: 'en' Physical Memory: 12197 MB
BatchMode: 1, IsHumanControllingUs: 0, StartBugReporterOnCrash: 0, Is64bit: 1, IsPro: 0

COMMAND LINE ARGUMENTS:
D:\Program Files\UnityHub\2020.3.18f1\Editor\Unity.exe
-adb2
-batchMode
-noUpm
-name
AssetImportWorker0
-projectPath
D:/ASLAB/FA/TPA/FA-TPA Game/FA-TPA Game
-logFile
Logs/AssetImportWorker0.log
-srvPort
51421
Successfully changed project path to: D:/ASLAB/FA/TPA/FA-TPA Game/FA-TPA Game
D:/ASLAB/FA/TPA/FA-TPA Game/FA-TPA Game
Using Asset Import Pipeline V2.
Refreshing native plugins compatible for Editor in 49.47 ms, found 2 plugins.
Preloading 0 native plugins for Editor in 0.00 ms.
Initialize engine version: 2020.3.18f1 (a7d1c678663c)
[Subsystems] Discovering subsystems at path D:/Program Files/UnityHub/2020.3.18f1/Editor/Data/Resources/UnitySubsystems
[Subsystems] Discovering subsystems at path D:/ASLAB/FA/TPA/FA-TPA Game/FA-TPA Game/Assets
GfxDevice: creating device client; threaded=0
Direct3D:
    Version:  Direct3D 11.0 [level 11.1]
    Renderer: AMD Radeon(TM) 535 (ID=0x6900)
    Vendor:   
    VRAM:     2039 MB
    Driver:   25.20.14002.1
Initialize mono
Mono path[0] = 'D:/Program Files/UnityHub/2020.3.18f1/Editor/Data/Managed'
Mono path[1] = 'D:/Program Files/UnityHub/2020.3.18f1/Editor/Data/MonoBleedingEdge/lib/mono/unityjit'
Mono config path = 'D:/Program Files/UnityHub/2020.3.18f1/Editor/Data/MonoBleedingEdge/etc'
Using monoOptions --debugger-agent=transport=dt_socket,embedding=1,server=y,suspend=n,address=127.0.0.1:56040
Begin MonoManager ReloadAssembly
Registering precompiled unity dll's ...
Register platform support module: D:/Program Files/UnityHub/2020.3.18f1/Editor/Data/PlaybackEngines/WindowsStandaloneSupport/UnityEditor.WindowsStandalone.Extensions.dll
Registered in 0.004931 seconds.
Native extension for WindowsStandalone target not found
Refreshing native plugins compatible for Editor in 40.72 ms, found 2 plugins.
Preloading 0 native plugins for Editor in 0.00 ms.
Mono: successfully reloaded assembly
- Completed reload, in  1.696 seconds
Domain Reload Profiling:
	ReloadAssembly (1696ms)
		BeginReloadAssembly (98ms)
			ExecutionOrderSort (0ms)
			DisableScriptedObjects (0ms)
			BackupInstance (0ms)
			ReleaseScriptingObjects (0ms)
			CreateAndSetChildDomain (1ms)
		EndReloadAssembly (488ms)
			LoadAssemblies (92ms)
			RebuildTransferFunctionScriptingTraits (0ms)
			SetupTypeCache (179ms)
			ReleaseScriptCaches (0ms)
			RebuildScriptCaches (36ms)
			SetupLoadedEditorAssemblies (184ms)
				LogAssemblyErrors (0ms)
				InitializePlatformSupportModulesInManaged (5ms)
				SetLoadedEditorAssemblies (0ms)
				RefreshPlugins (41ms)
				BeforeProcessingInitializeOnLoad (19ms)
				ProcessInitializeOnLoadAttributes (87ms)
				ProcessInitializeOnLoadMethodAttributes (33ms)
				AfterProcessingInitializeOnLoad (0ms)
				EditorAssembliesLoaded (0ms)
			ExecutionOrderSort2 (0ms)
			AwakeInstancesAfterBackupRestoration (0ms)
Platform modules already initialized, skipping
Registering precompiled user dll's ...
Registered in 0.006228 seconds.
Begin MonoManager ReloadAssembly
Native extension for WindowsStandalone target not found
Refreshing native plugins compatible for Editor in 0.48 ms, found 2 plugins.
Preloading 0 native plugins for Editor in 0.00 ms.
Mono: successfully reloaded assembly
- Completed reload, in  1.322 seconds
Domain Reload Profiling:
	ReloadAssembly (1323ms)
		BeginReloadAssembly (198ms)
			ExecutionOrderSort (0ms)
			DisableScriptedObjects (5ms)
			BackupInstance (0ms)
			ReleaseScriptingObjects (0ms)
			CreateAndSetChildDomain (21ms)
		EndReloadAssembly (1043ms)
			LoadAssemblies (146ms)
			RebuildTransferFunctionScriptingTraits (0ms)
			SetupTypeCache (327ms)
			ReleaseScriptCaches (0ms)
			RebuildScriptCaches (63ms)
			SetupLoadedEditorAssemblies (402ms)
				LogAssemblyErrors (0ms)
				InitializePlatformSupportModulesInManaged (6ms)
				SetLoadedEditorAssemblies (0ms)
				RefreshPlugins (1ms)
				BeforeProcessingInitializeOnLoad (104ms)
				ProcessInitializeOnLoadAttributes (267ms)
				ProcessInitializeOnLoadMethodAttributes (5ms)
				AfterProcessingInitializeOnLoad (18ms)
				EditorAssembliesLoaded (0ms)
			ExecutionOrderSort2 (0ms)
			AwakeInstancesAfterBackupRestoration (9ms)
Platform modules already initialized, skipping
========================================================================
Worker process is ready to serve import requests
Launched and connected shader compiler UnityShaderCompiler.exe after 0.11 seconds
Refreshing native plugins compatible for Editor in 0.47 ms, found 2 plugins.
Preloading 0 native plugins for Editor in 0.00 ms.
Unloading 1596 Unused Serialized files (Serialized files now loaded: 0)
System memory in use before: 75.3 MB.
System memory in use after: 75.3 MB.

Unloading 17 unused Assets to reduce memory usage. Loaded Objects now: 2036.
Total: 3.774200 ms (FindLiveObjects: 0.186300 ms CreateObjectMapping: 0.053100 ms MarkObjects: 3.432200 ms  DeleteObjects: 0.101400 ms)

AssetImportParameters requested are different than current active one (requested -> active):
  custom:framework-win-MediaFoundation: 216162199b28c13a410421893ffa2e32 -> 
  custom:video-decoder-ogg-theora: a1e56fd34408186e4bbccfd4996cb3dc -> 
  custom:container-muxer-webm: aa71ff27fc2769a1b78a27578f13a17b -> 
  custom:container-demuxer-webm: 4f35f7cbe854078d1ac9338744f61a02 -> 
  custom:container-demuxer-ogg: 62fdf1f143b41e24485cea50d1cbac27 -> 
  custom:video-encoder-webm-vp8: eb34c28f22e8b96e1ab97ce403110664 -> 
  custom:video-codec-MediaFoundation-h265: 746d11721c4dcdbdad8f713fa42b33f4 -> 
  custom:video-decoder-webm-vp8: 9c59270c3fd7afecdb556c50c9e8de78 -> 
  custom:audio-decoder-ogg-vorbis: bf7c407c2cedff20999df2af8eb42d56 -> 
  custom:audio-encoder-webm-vorbis: bf7c407c2cedff20999df2af8eb42d56 -> 
========================================================================
Received Import Request.
  path: Assets/Bohn Studios/SciFi Vol 1/Demo_Main.unity
  artifactKey: Guid(ddbabb95245019a4a950506556007b96) Importer(815301076,1909f56bfc062723c751e8b465ee728b)
Start importing Assets/Bohn Studios/SciFi Vol 1/Demo_Main.unity using Guid(ddbabb95245019a4a950506556007b96) Importer(815301076,1909f56bfc062723c751e8b465ee728b)  -> (artifact id: '3c2fbed2deca13026afb76c173fa0838') in 0.020037 seconds 
  Import took 0.023462 seconds .

========================================================================
Received Import Request.
  Time since last request: 27.198383 seconds.
  path: Assets/Scenes/Game.unity
  artifactKey: Guid(ddbabb95245019a4a950506556007b96) Importer(815301076,1909f56bfc062723c751e8b465ee728b)
Start importing Assets/Scenes/Game.unity using Guid(ddbabb95245019a4a950506556007b96) Importer(815301076,1909f56bfc062723c751e8b465ee728b)  -> (artifact id: '1cfd077230956c8307584e9539476f54') in 0.006696 seconds 
  Import took 0.010974 seconds .

========================================================================
Received Import Request.
  Time since last request: 43.505083 seconds.
  path: Assets/Script/PlayerController.cs
  artifactKey: Guid(5d6a077b518509e4788ca25526954a34) Importer(815301076,1909f56bfc062723c751e8b465ee728b)
Start importing Assets/Script/PlayerController.cs using Guid(5d6a077b518509e4788ca25526954a34) Importer(815301076,1909f56bfc062723c751e8b465ee728b)  -> (artifact id: 'd72c3b1ea2a0f49e73b64d9b0de611d3') in 0.069257 seconds 
  Import took 0.074026 seconds .

========================================================================
Received Prepare
Registering precompiled user dll's ...
Registered in 0.005993 seconds.
Begin MonoManager ReloadAssembly
Native extension for WindowsStandalone target not found
Refreshing native plugins compatible for Editor in 0.72 ms, found 2 plugins.
Preloading 0 native plugins for Editor in 0.00 ms.
Mono: successfully reloaded assembly
- Completed reload, in  2.936 seconds
Domain Reload Profiling:
	ReloadAssembly (2937ms)
		BeginReloadAssembly (367ms)
			ExecutionOrderSort (0ms)
			DisableScriptedObjects (5ms)
			BackupInstance (0ms)
			ReleaseScriptingObjects (0ms)
			CreateAndSetChildDomain (71ms)
		EndReloadAssembly (2305ms)
			LoadAssemblies (419ms)
			RebuildTransferFunctionScriptingTraits (0ms)
			SetupTypeCache (751ms)
			ReleaseScriptCaches (1ms)
			RebuildScriptCaches (115ms)
			SetupLoadedEditorAssemblies (848ms)
				LogAssemblyErrors (0ms)
				InitializePlatformSupportModulesInManaged (13ms)
				SetLoadedEditorAssemblies (1ms)
				RefreshPlugins (1ms)
				BeforeProcessingInitializeOnLoad (232ms)
				ProcessInitializeOnLoadAttributes (551ms)
				ProcessInitializeOnLoadMethodAttributes (10ms)
				AfterProcessingInitializeOnLoad (39ms)
				EditorAssembliesLoaded (1ms)
			ExecutionOrderSort2 (0ms)
			AwakeInstancesAfterBackupRestoration (20ms)
Platform modules already initialized, skipping
Refreshing native plugins compatible for Editor in 0.78 ms, found 2 plugins.
Preloading 0 native plugins for Editor in 0.00 ms.
Unloading 1576 Unused Serialized files (Serialized files now loaded: 0)
System memory in use before: 73.7 MB.
System memory in use after: 73.8 MB.

Unloading 12 unused Assets to reduce memory usage. Loaded Objects now: 2039.
Total: 6.792500 ms (FindLiveObjects: 0.332200 ms CreateObjectMapping: 0.106300 ms MarkObjects: 6.286600 ms  DeleteObjects: 0.064300 ms)

AssetImportParameters requested are different than current active one (requested -> active):
  custom:framework-win-MediaFoundation: 216162199b28c13a410421893ffa2e32 -> 
  custom:video-decoder-ogg-theora: a1e56fd34408186e4bbccfd4996cb3dc -> 
  custom:container-muxer-webm: aa71ff27fc2769a1b78a27578f13a17b -> 
  custom:container-demuxer-webm: 4f35f7cbe854078d1ac9338744f61a02 -> 
  custom:container-demuxer-ogg: 62fdf1f143b41e24485cea50d1cbac27 -> 
  custom:video-encoder-webm-vp8: eb34c28f22e8b96e1ab97ce403110664 -> 
  custom:video-codec-MediaFoundation-h265: 746d11721c4dcdbdad8f713fa42b33f4 -> 
  custom:video-decoder-webm-vp8: 9c59270c3fd7afecdb556c50c9e8de78 -> 
  custom:audio-decoder-ogg-vorbis: bf7c407c2cedff20999df2af8eb42d56 -> 
  custom:audio-encoder-webm-vorbis: bf7c407c2cedff20999df2af8eb42d56 -> 
========================================================================
Received Import Request.
  Time since last request: 43.849746 seconds.
  path: Assets/Animations/CharacterAnimationController.controller
  artifactKey: Guid(2e3202e1f2011384f8f083603905b59d) Importer(815301076,1909f56bfc062723c751e8b465ee728b)
Start importing Assets/Animations/CharacterAnimationController.controller using Guid(2e3202e1f2011384f8f083603905b59d) Importer(815301076,1909f56bfc062723c751e8b465ee728b)  -> (artifact id: '85732327c91b8d9ba0458e35502bc1e7') in 0.049463 seconds 
  Import took 0.057095 seconds .

========================================================================
Received Import Request.
  Time since last request: 18.517170 seconds.
  path: Assets/Animations/HumanoidIdle.fbx
  artifactKey: Guid(2b85b7cd833eb9743a990af76011f318) Importer(815301076,1909f56bfc062723c751e8b465ee728b)
Start importing Assets/Animations/HumanoidIdle.fbx using Guid(2b85b7cd833eb9743a990af76011f318) Importer(815301076,1909f56bfc062723c751e8b465ee728b)  -> (artifact id: '0410ef00dec7d0359b1fd69ea0480104') in 0.098521 seconds 
  Import took 0.106620 seconds .

========================================================================
Received Import Request.
  Time since last request: 0.001704 seconds.
  path: Assets/Animations/HumanoidIdle.fbx
  artifactKey: Guid(2b85b7cd833eb9743a990af76011f318) Importer(815301076,1909f56bfc062723c751e8b465ee728b)
Start importing Assets/Animations/HumanoidIdle.fbx using Guid(2b85b7cd833eb9743a990af76011f318) Importer(815301076,1909f56bfc062723c751e8b465ee728b)  -> (artifact id: '0410ef00dec7d0359b1fd69ea0480104') in 0.033095 seconds 
  Import took 0.044666 seconds .

========================================================================
Received Import Request.
  Time since last request: 10.166743 seconds.
  path: Assets/Animations/HumanoidWalk.fbx
  artifactKey: Guid(9fb0e09969476a642ad9c6ef094380f2) Importer(815301076,1909f56bfc062723c751e8b465ee728b)
Start importing Assets/Animations/HumanoidWalk.fbx using Guid(9fb0e09969476a642ad9c6ef094380f2) Importer(815301076,1909f56bfc062723c751e8b465ee728b)  -> (artifact id: '21b32f70e04b6d04079b0d68ccc7d5c0') in 0.047253 seconds 
  Import took 0.057684 seconds .

========================================================================
Received Import Request.
  Time since last request: 0.003196 seconds.
  path: Assets/Animations/HumanoidWalk.fbx
  artifactKey: Guid(9fb0e09969476a642ad9c6ef094380f2) Importer(815301076,1909f56bfc062723c751e8b465ee728b)
Start importing Assets/Animations/HumanoidWalk.fbx using Guid(9fb0e09969476a642ad9c6ef094380f2) Importer(815301076,1909f56bfc062723c751e8b465ee728b)  -> (artifact id: '21b32f70e04b6d04079b0d68ccc7d5c0') in 0.027401 seconds 
  Import took 0.035695 seconds .

========================================================================
Received Import Request.
  Time since last request: 82.311062 seconds.
  path: Assets/Script/ThirdPersonMovement.cs
  artifactKey: Guid(27480f402033ff74dbf17cd9bbf4ea38) Importer(815301076,1909f56bfc062723c751e8b465ee728b)
Start importing Assets/Script/ThirdPersonMovement.cs using Guid(27480f402033ff74dbf17cd9bbf4ea38) Importer(815301076,1909f56bfc062723c751e8b465ee728b)  -> (artifact id: '237f25352e569b5c4cd8585d1be5a7c8') in 0.012313 seconds 
  Import took 0.022252 seconds .

========================================================================
Received Prepare
Registering precompiled user dll's ...
Registered in 0.029186 seconds.
Begin MonoManager ReloadAssembly
Native extension for WindowsStandalone target not found
Refreshing native plugins compatible for Editor in 1.38 ms, found 2 plugins.
Preloading 0 native plugins for Editor in 0.00 ms.
Mono: successfully reloaded assembly
- Completed reload, in  4.145 seconds
Domain Reload Profiling:
	ReloadAssembly (4147ms)
		BeginReloadAssembly (570ms)
			ExecutionOrderSort (0ms)
			DisableScriptedObjects (18ms)
			BackupInstance (0ms)
			ReleaseScriptingObjects (0ms)
			CreateAndSetChildDomain (159ms)
		EndReloadAssembly (3240ms)
			LoadAssemblies (532ms)
			RebuildTransferFunctionScriptingTraits (0ms)
			SetupTypeCache (1085ms)
			ReleaseScriptCaches (2ms)
			RebuildScriptCaches (153ms)
			SetupLoadedEditorAssemblies (1179ms)
				LogAssemblyErrors (0ms)
				InitializePlatformSupportModulesInManaged (20ms)
				SetLoadedEditorAssemblies (1ms)
				RefreshPlugins (2ms)
				BeforeProcessingInitializeOnLoad (308ms)
				ProcessInitializeOnLoadAttributes (776ms)
				ProcessInitializeOnLoadMethodAttributes (16ms)
				AfterProcessingInitializeOnLoad (55ms)
				EditorAssembliesLoaded (1ms)
			ExecutionOrderSort2 (0ms)
			AwakeInstancesAfterBackupRestoration (27ms)
Platform modules already initialized, skipping
Refreshing native plugins compatible for Editor in 0.88 ms, found 2 plugins.
Preloading 0 native plugins for Editor in 0.00 ms.
Unloading 1576 Unused Serialized files (Serialized files now loaded: 0)
System memory in use before: 73.8 MB.
System memory in use after: 73.9 MB.

Unloading 12 unused Assets to reduce memory usage. Loaded Objects now: 2041.
Total: 7.039200 ms (FindLiveObjects: 0.290500 ms CreateObjectMapping: 0.114400 ms MarkObjects: 6.561700 ms  DeleteObjects: 0.069600 ms)

AssetImportParameters requested are different than current active one (requested -> active):
  custom:framework-win-MediaFoundation: 216162199b28c13a410421893ffa2e32 -> 
  custom:video-decoder-ogg-theora: a1e56fd34408186e4bbccfd4996cb3dc -> 
  custom:container-muxer-webm: aa71ff27fc2769a1b78a27578f13a17b -> 
  custom:container-demuxer-webm: 4f35f7cbe854078d1ac9338744f61a02 -> 
  custom:container-demuxer-ogg: 62fdf1f143b41e24485cea50d1cbac27 -> 
  custom:video-encoder-webm-vp8: eb34c28f22e8b96e1ab97ce403110664 -> 
  custom:video-codec-MediaFoundation-h265: 746d11721c4dcdbdad8f713fa42b33f4 -> 
  custom:video-decoder-webm-vp8: 9c59270c3fd7afecdb556c50c9e8de78 -> 
  custom:audio-decoder-ogg-vorbis: bf7c407c2cedff20999df2af8eb42d56 -> 
  custom:audio-encoder-webm-vorbis: bf7c407c2cedff20999df2af8eb42d56 -> 
========================================================================
Received Import Request.
  Time since last request: 230.925479 seconds.
  path: Assets/Script/PlayerController.cs
  artifactKey: Guid(5d6a077b518509e4788ca25526954a34) Importer(815301076,1909f56bfc062723c751e8b465ee728b)
Start importing Assets/Script/PlayerController.cs using Guid(5d6a077b518509e4788ca25526954a34) Importer(815301076,1909f56bfc062723c751e8b465ee728b)  -> (artifact id: '5e6c6b76e910acd7f54a68c2ecf555cb') in 0.017983 seconds 
  Import took 0.099411 seconds .

========================================================================
Received Prepare
Registering precompiled user dll's ...
Registered in 0.013033 seconds.
Begin MonoManager ReloadAssembly
Native extension for WindowsStandalone target not found
Refreshing native plugins compatible for Editor in 1.29 ms, found 2 plugins.
Preloading 0 native plugins for Editor in 0.00 ms.
Mono: successfully reloaded assembly
- Completed reload, in  3.331 seconds
Domain Reload Profiling:
	ReloadAssembly (3332ms)
		BeginReloadAssembly (356ms)
			ExecutionOrderSort (0ms)
			DisableScriptedObjects (12ms)
			BackupInstance (0ms)
			ReleaseScriptingObjects (0ms)
			CreateAndSetChildDomain (78ms)
		EndReloadAssembly (2779ms)
			LoadAssemblies (371ms)
			RebuildTransferFunctionScriptingTraits (0ms)
			SetupTypeCache (908ms)
			ReleaseScriptCaches (2ms)
			RebuildScriptCaches (128ms)
			SetupLoadedEditorAssemblies (1030ms)
				LogAssemblyErrors (0ms)
				InitializePlatformSupportModulesInManaged (20ms)
				SetLoadedEditorAssemblies (1ms)
				RefreshPlugins (2ms)
				BeforeProcessingInitializeOnLoad (307ms)
				ProcessInitializeOnLoadAttributes (647ms)
				ProcessInitializeOnLoadMethodAttributes (13ms)
				AfterProcessingInitializeOnLoad (40ms)
				EditorAssembliesLoaded (1ms)
			ExecutionOrderSort2 (0ms)
			AwakeInstancesAfterBackupRestoration (17ms)
Platform modules already initialized, skipping
Refreshing native plugins compatible for Editor in 1.17 ms, found 2 plugins.
Preloading 0 native plugins for Editor in 0.00 ms.
Unloading 1576 Unused Serialized files (Serialized files now loaded: 0)
System memory in use before: 73.8 MB.
System memory in use after: 73.9 MB.

Unloading 12 unused Assets to reduce memory usage. Loaded Objects now: 2043.
Total: 6.466700 ms (FindLiveObjects: 0.300200 ms CreateObjectMapping: 0.115800 ms MarkObjects: 6.008600 ms  DeleteObjects: 0.038900 ms)

AssetImportParameters requested are different than current active one (requested -> active):
  custom:framework-win-MediaFoundation: 216162199b28c13a410421893ffa2e32 -> 
  custom:video-decoder-ogg-theora: a1e56fd34408186e4bbccfd4996cb3dc -> 
  custom:container-muxer-webm: aa71ff27fc2769a1b78a27578f13a17b -> 
  custom:container-demuxer-webm: 4f35f7cbe854078d1ac9338744f61a02 -> 
  custom:container-demuxer-ogg: 62fdf1f143b41e24485cea50d1cbac27 -> 
  custom:video-encoder-webm-vp8: eb34c28f22e8b96e1ab97ce403110664 -> 
  custom:video-codec-MediaFoundation-h265: 746d11721c4dcdbdad8f713fa42b33f4 -> 
  custom:video-decoder-webm-vp8: 9c59270c3fd7afecdb556c50c9e8de78 -> 
  custom:audio-decoder-ogg-vorbis: bf7c407c2cedff20999df2af8eb42d56 -> 
  custom:audio-encoder-webm-vorbis: bf7c407c2cedff20999df2af8eb42d56 -> 
========================================================================
Received Prepare
Registering precompiled user dll's ...
Registered in 0.024207 seconds.
Begin MonoManager ReloadAssembly
Native extension for WindowsStandalone target not found
Refreshing native plugins compatible for Editor in 1.67 ms, found 2 plugins.
Preloading 0 native plugins for Editor in 0.00 ms.
Mono: successfully reloaded assembly
- Completed reload, in  3.735 seconds
Domain Reload Profiling:
	ReloadAssembly (3737ms)
		BeginReloadAssembly (379ms)
			ExecutionOrderSort (0ms)
			DisableScriptedObjects (19ms)
			BackupInstance (0ms)
			ReleaseScriptingObjects (0ms)
			CreateAndSetChildDomain (97ms)
		EndReloadAssembly (3100ms)
			LoadAssemblies (368ms)
			RebuildTransferFunctionScriptingTraits (0ms)
			SetupTypeCache (1048ms)
			ReleaseScriptCaches (2ms)
			RebuildScriptCaches (147ms)
			SetupLoadedEditorAssemblies (1132ms)
				LogAssemblyErrors (0ms)
				InitializePlatformSupportModulesInManaged (15ms)
				SetLoadedEditorAssemblies (1ms)
				RefreshPlugins (2ms)
				BeforeProcessingInitializeOnLoad (273ms)
				ProcessInitializeOnLoadAttributes (771ms)
				ProcessInitializeOnLoadMethodAttributes (11ms)
				AfterProcessingInitializeOnLoad (58ms)
				EditorAssembliesLoaded (1ms)
			ExecutionOrderSort2 (0ms)
			AwakeInstancesAfterBackupRestoration (23ms)
Platform modules already initialized, skipping
Refreshing native plugins compatible for Editor in 1.16 ms, found 2 plugins.
Preloading 0 native plugins for Editor in 0.00 ms.
Unloading 1576 Unused Serialized files (Serialized files now loaded: 0)
System memory in use before: 73.8 MB.
System memory in use after: 73.9 MB.

Unloading 12 unused Assets to reduce memory usage. Loaded Objects now: 2045.
Total: 9.367400 ms (FindLiveObjects: 0.324000 ms CreateObjectMapping: 0.121000 ms MarkObjects: 8.865000 ms  DeleteObjects: 0.054200 ms)

AssetImportParameters requested are different than current active one (requested -> active):
  custom:framework-win-MediaFoundation: 216162199b28c13a410421893ffa2e32 -> 
  custom:video-decoder-ogg-theora: a1e56fd34408186e4bbccfd4996cb3dc -> 
  custom:container-muxer-webm: aa71ff27fc2769a1b78a27578f13a17b -> 
  custom:container-demuxer-webm: 4f35f7cbe854078d1ac9338744f61a02 -> 
  custom:container-demuxer-ogg: 62fdf1f143b41e24485cea50d1cbac27 -> 
  custom:video-encoder-webm-vp8: eb34c28f22e8b96e1ab97ce403110664 -> 
  custom:video-codec-MediaFoundation-h265: 746d11721c4dcdbdad8f713fa42b33f4 -> 
  custom:video-decoder-webm-vp8: 9c59270c3fd7afecdb556c50c9e8de78 -> 
  custom:audio-decoder-ogg-vorbis: bf7c407c2cedff20999df2af8eb42d56 -> 
  custom:audio-encoder-webm-vorbis: bf7c407c2cedff20999df2af8eb42d56 -> 
========================================================================
Received Import Request.
  Time since last request: 3703.548658 seconds.
  path: Assets/Scifi Loops Pack 1/01_Beyond_the_Darkest_Void.ogg
  artifactKey: Guid(0ea70150485230049808a0ace51a5c8b) Importer(815301076,1909f56bfc062723c751e8b465ee728b)
Start importing Assets/Scifi Loops Pack 1/01_Beyond_the_Darkest_Void.ogg using Guid(0ea70150485230049808a0ace51a5c8b) Importer(815301076,1909f56bfc062723c751e8b465ee728b)  -> (artifact id: '3c31416e870df4d5717341b11e6eb190') in 0.487777 seconds 
  Import took 0.493555 seconds .

========================================================================
Received Import Request.
  Time since last request: 0.000424 seconds.
  path: Assets/Scifi Loops Pack 1/03_The_Magnetic_Fields_of_Saturn.ogg
  artifactKey: Guid(31d8b41af3c4954488748a6bccb2a0d7) Importer(815301076,1909f56bfc062723c751e8b465ee728b)
Start importing Assets/Scifi Loops Pack 1/03_The_Magnetic_Fields_of_Saturn.ogg using Guid(31d8b41af3c4954488748a6bccb2a0d7) Importer(815301076,1909f56bfc062723c751e8b465ee728b)  -> (artifact id: '1b8c61d5d9c89679dfe2e8c204c52fe6') in 0.021127 seconds 
  Import took 0.043355 seconds .

========================================================================
Received Import Request.
  Time since last request: 0.000415 seconds.
  path: Assets/Scifi Loops Pack 1/05_The_Lambda_Variant.ogg
  artifactKey: Guid(4940e6b7caadc4244a76df97ec85cdd3) Importer(815301076,1909f56bfc062723c751e8b465ee728b)
Start importing Assets/Scifi Loops Pack 1/05_The_Lambda_Variant.ogg using Guid(4940e6b7caadc4244a76df97ec85cdd3) Importer(815301076,1909f56bfc062723c751e8b465ee728b)  -> (artifact id: '6b4e5d406acc8ac132e454b05cfca8c5') in 0.022468 seconds 
  Import took 0.038094 seconds .

========================================================================
Received Import Request.
  Time since last request: 0.000528 seconds.
  path: Assets/Scifi Loops Pack 1/06_Supernova.ogg
  artifactKey: Guid(953ca09a6e0515349864485e92c05e82) Importer(815301076,1909f56bfc062723c751e8b465ee728b)
Start importing Assets/Scifi Loops Pack 1/06_Supernova.ogg using Guid(953ca09a6e0515349864485e92c05e82) Importer(815301076,1909f56bfc062723c751e8b465ee728b)  -> (artifact id: '0cfc1b4263adf387fcc3d05f6a020e1e') in 0.025185 seconds 
  Import took 0.043576 seconds .

========================================================================
Received Import Request.
  Time since last request: 0.000447 seconds.
  path: Assets/Scifi Loops Pack 1/04_Cosmic_rays.ogg
  artifactKey: Guid(af16662cf1e177c40a6f3c6216fe70c4) Importer(815301076,1909f56bfc062723c751e8b465ee728b)
Start importing Assets/Scifi Loops Pack 1/04_Cosmic_rays.ogg using Guid(af16662cf1e177c40a6f3c6216fe70c4) Importer(815301076,1909f56bfc062723c751e8b465ee728b)  -> (artifact id: '372841997bb838f64dc02030deb73c12') in 0.022373 seconds 
  Import took 0.033255 seconds .

========================================================================
Received Import Request.
  Time since last request: 0.000342 seconds.
  path: Assets/Scifi Loops Pack 1/08_Battlestations.ogg
  artifactKey: Guid(ec1950f32ccd3624485a341ce39eabc6) Importer(815301076,1909f56bfc062723c751e8b465ee728b)
Start importing Assets/Scifi Loops Pack 1/08_Battlestations.ogg using Guid(ec1950f32ccd3624485a341ce39eabc6) Importer(815301076,1909f56bfc062723c751e8b465ee728b)  -> (artifact id: '5a41869b73d305d1067da489151c26fd') in 0.023266 seconds 
  Import took 0.033365 seconds .

========================================================================
Received Import Request.
  Time since last request: 0.000343 seconds.
  path: Assets/Scifi Loops Pack 1/07_Space-Time_Vortex.ogg
  artifactKey: Guid(ddbe2d377ceca084ea9a387b96891a14) Importer(815301076,1909f56bfc062723c751e8b465ee728b)
Start importing Assets/Scifi Loops Pack 1/07_Space-Time_Vortex.ogg using Guid(ddbe2d377ceca084ea9a387b96891a14) Importer(815301076,1909f56bfc062723c751e8b465ee728b)  -> (artifact id: 'a5ca39c284eda12f27cae678c7469b4a') in 0.022614 seconds 
  Import took 0.030506 seconds .

========================================================================
Received Import Request.
  Time since last request: 0.000359 seconds.
  path: Assets/Scifi Loops Pack 1/10_Night_Time_Nebula.ogg
  artifactKey: Guid(8955514f96060f74fa80ca4886ce6a4e) Importer(815301076,1909f56bfc062723c751e8b465ee728b)
Start importing Assets/Scifi Loops Pack 1/10_Night_Time_Nebula.ogg using Guid(8955514f96060f74fa80ca4886ce6a4e) Importer(815301076,1909f56bfc062723c751e8b465ee728b)  -> (artifact id: '94c6b37902e3d7e2a162c608f8d90eaf') in 0.025126 seconds 
  Import took 0.031556 seconds .

========================================================================
Received Import Request.
  Time since last request: 0.000574 seconds.
  path: Assets/Scifi Loops Pack 1/02_Event_Horizon.ogg
  artifactKey: Guid(ff4c27a9c9f76344c95d10b25db4b908) Importer(815301076,1909f56bfc062723c751e8b465ee728b)
Start importing Assets/Scifi Loops Pack 1/02_Event_Horizon.ogg using Guid(ff4c27a9c9f76344c95d10b25db4b908) Importer(815301076,1909f56bfc062723c751e8b465ee728b)  -> (artifact id: 'dc4807e6fa5f6e5c0124256cc38b79c2') in 0.021984 seconds 
  Import took 0.027035 seconds .

========================================================================
Received Import Request.
  Time since last request: 0.000292 seconds.
  path: Assets/Scifi Loops Pack 1/09_The_New_Journey.ogg
  artifactKey: Guid(563026256dff2794c9a58ffedbf121ff) Importer(815301076,1909f56bfc062723c751e8b465ee728b)
Start importing Assets/Scifi Loops Pack 1/09_The_New_Journey.ogg using Guid(563026256dff2794c9a58ffedbf121ff) Importer(815301076,1909f56bfc062723c751e8b465ee728b)  -> (artifact id: 'ccadf9db363e9b9d98320a99822057a5') in 0.024064 seconds 
  Import took 0.030291 seconds .

========================================================================
Received Prepare
Registering precompiled user dll's ...
Registered in 0.014360 seconds.
Begin MonoManager ReloadAssembly
Native extension for WindowsStandalone target not found
Refreshing native plugins compatible for Editor in 0.76 ms, found 2 plugins.
Preloading 0 native plugins for Editor in 0.00 ms.
Mono: successfully reloaded assembly
- Completed reload, in  3.802 seconds
Domain Reload Profiling:
	ReloadAssembly (3803ms)
		BeginReloadAssembly (482ms)
			ExecutionOrderSort (0ms)
			DisableScriptedObjects (18ms)
			BackupInstance (0ms)
			ReleaseScriptingObjects (0ms)
			CreateAndSetChildDomain (125ms)
		EndReloadAssembly (3081ms)
			LoadAssemblies (396ms)
			RebuildTransferFunctionScriptingTraits (0ms)
			SetupTypeCache (1106ms)
			ReleaseScriptCaches (2ms)
			RebuildScriptCaches (152ms)
			SetupLoadedEditorAssemblies (1089ms)
				LogAssemblyErrors (0ms)
				InitializePlatformSupportModulesInManaged (19ms)
				SetLoadedEditorAssemblies (1ms)
				RefreshPlugins (1ms)
				BeforeProcessingInitializeOnLoad (315ms)
				ProcessInitializeOnLoadAttributes (691ms)
				ProcessInitializeOnLoadMethodAttributes (16ms)
				AfterProcessingInitializeOnLoad (45ms)
				EditorAssembliesLoaded (1ms)
			ExecutionOrderSort2 (0ms)
			AwakeInstancesAfterBackupRestoration (20ms)
Platform modules already initialized, skipping
Refreshing native plugins compatible for Editor in 0.80 ms, found 2 plugins.
Preloading 0 native plugins for Editor in 0.00 ms.
Unloading 1576 Unused Serialized files (Serialized files now loaded: 0)
System memory in use before: 77.0 MB.
System memory in use after: 77.1 MB.

Unloading 12 unused Assets to reduce memory usage. Loaded Objects now: 2056.
Total: 6.430300 ms (FindLiveObjects: 0.489000 ms CreateObjectMapping: 0.176900 ms MarkObjects: 5.721000 ms  DeleteObjects: 0.040600 ms)

AssetImportParameters requested are different than current active one (requested -> active):
  custom:framework-win-MediaFoundation: 216162199b28c13a410421893ffa2e32 -> 
  custom:video-decoder-ogg-theora: a1e56fd34408186e4bbccfd4996cb3dc -> 
  custom:container-muxer-webm: aa71ff27fc2769a1b78a27578f13a17b -> 
  custom:container-demuxer-webm: 4f35f7cbe854078d1ac9338744f61a02 -> 
  custom:container-demuxer-ogg: 62fdf1f143b41e24485cea50d1cbac27 -> 
  custom:video-encoder-webm-vp8: eb34c28f22e8b96e1ab97ce403110664 -> 
  custom:video-codec-MediaFoundation-h265: 746d11721c4dcdbdad8f713fa42b33f4 -> 
  custom:video-decoder-webm-vp8: 9c59270c3fd7afecdb556c50c9e8de78 -> 
  custom:audio-decoder-ogg-vorbis: bf7c407c2cedff20999df2af8eb42d56 -> 
  custom:audio-encoder-webm-vorbis: bf7c407c2cedff20999df2af8eb42d56 -> 
AssetImportWorkerClient::OnTransportError - code=2 error=End of file
